[2026-01-30 00:10:57] ================= LEAD LAB RUN START =================
[2026-01-30 00:10:57] START user flow: user1@demo.com
[2026-01-30 00:10:57] START user flow: user2@demo.com
[2026-01-30 00:10:57] REQ_ID=11878-1 USER=user1@demo.com LEAD_X=1 PAYLOAD={
  "name": "Lead Demo 20260130 1",
  "email": "lead_demo_20260130_1@demo.com",
  "source": "WEBSITE_FORM",
  "finalPage": "/pricing"
}
[2026-01-30 00:10:57] REQ_ID=9631-1 USER=user2@demo.com LEAD_X=1 PAYLOAD={
  "name": "Lead Demo 20260130 1",
  "email": "lead_demo_20260130_1@demo.com",
  "source": "WEBSITE_FORM",
  "finalPage": "/pricing"
}
[2026-01-30 00:10:58] REQ_ID=9631-1 RESPONSE={"outcome":"SUCCESS","message":"Lead submitted successfully"}
HTTP_STATUS:200
[2026-01-30 00:10:58] REQ_ID=11878-1 RESPONSE={"outcome":"SUCCESS","message":"Lead submitted successfully"}
HTTP_STATUS:200
[2026-01-30 00:11:06] REQ_ID=26864-2 USER=user2@demo.com LEAD_X=2 PAYLOAD={
  "name": "Lead Demo 20260130 2",
  "email": "lead_demo_20260130_2@demo.com",
  "source": "WEBSITE_FORM",
  "finalPage": "/pricing"
}
[2026-01-30 00:11:06] REQ_ID=8332-2 USER=user1@demo.com LEAD_X=2 PAYLOAD={
  "name": "Lead Demo 20260130 2",
  "email": "lead_demo_20260130_2@demo.com",
  "source": "WEBSITE_FORM",
  "finalPage": "/pricing"
}
[2026-01-30 00:11:06] REQ_ID=26864-2 RESPONSE={"outcome":"SUCCESS","message":"Lead submitted successfully"}
HTTP_STATUS:200
[2026-01-30 00:11:06] REQ_ID=8332-2 RESPONSE={"outcome":"SUCCESS","message":"Lead submitted successfully"}
HTTP_STATUS:200
[2026-01-30 00:11:14] REQ_ID=2928-3 USER=user2@demo.com LEAD_X=3 PAYLOAD={
  "name": "Lead Demo 20260130 3",
  "email": "lead_demo_20260130_3@demo.com",
  "source": "WEBSITE_FORM",
  "finalPage": "/pricing"
}
[2026-01-30 00:11:14] REQ_ID=19488-3 USER=user1@demo.com LEAD_X=3 PAYLOAD={
  "name": "Lead Demo 20260130 3",
  "email": "lead_demo_20260130_3@demo.com",
  "source": "WEBSITE_FORM",
  "finalPage": "/pricing"
}
[2026-01-30 00:11:15] REQ_ID=2928-3 RESPONSE={"outcome":"SUCCESS","message":"Lead submitted successfully"}
HTTP_STATUS:200
[2026-01-30 00:11:15] REQ_ID=19488-3 RESPONSE={"outcome":"SUCCESS","message":"Lead submitted successfully"}
HTTP_STATUS:200
[2026-01-30 00:11:23] REQ_ID=30337-4 USER=user2@demo.com LEAD_X=4 PAYLOAD={
  "name": "Lead Demo 20260130 4",
  "email": "lead_demo_20260130_4@demo.com",
  "source": "WEBSITE_FORM",
  "finalPage": "/pricing"
}
[2026-01-30 00:11:23] REQ_ID=19185-4 USER=user1@demo.com LEAD_X=4 PAYLOAD={
  "name": "Lead Demo 20260130 4",
  "email": "lead_demo_20260130_4@demo.com",
  "source": "WEBSITE_FORM",
  "finalPage": "/pricing"
}
[2026-01-30 00:11:23] REQ_ID=30337-4 RESPONSE={"outcome":"SUCCESS","message":"Lead submitted successfully"}
HTTP_STATUS:200
[2026-01-30 00:11:23] REQ_ID=19185-4 RESPONSE={"outcome":"SUCCESS","message":"Lead submitted successfully"}
HTTP_STATUS:200
[2026-01-30 00:11:31] REQ_ID=8942-5 USER=user2@demo.com LEAD_X=5 PAYLOAD={
  "name": "Lead Demo 20260130 5",
  "email": "lead_demo_20260130_5@demo.com",
  "source": "WEBSITE_FORM",
  "finalPage": "/pricing"
}
[2026-01-30 00:11:31] REQ_ID=11713-5 USER=user1@demo.com LEAD_X=5 PAYLOAD={
  "name": "Lead Demo 20260130 5",
  "email": "lead_demo_20260130_5@demo.com",
  "source": "WEBSITE_FORM",
  "finalPage": "/pricing"
}
[2026-01-30 00:11:32] REQ_ID=8942-5 RESPONSE={"outcome":"SUCCESS","message":"Lead submitted successfully"}
HTTP_STATUS:200
[2026-01-30 00:11:32] REQ_ID=11713-5 RESPONSE={"outcome":"SUCCESS","message":"Lead submitted successfully"}
HTTP_STATUS:200
[2026-01-30 00:11:40] REQ_ID=4380-6 USER=user2@demo.com LEAD_X=6 PAYLOAD={
  "name": "Lead Demo 20260130 6",
  "email": "lead_demo_20260130_6@demo.com",
  "source": "WEBSITE_FORM",
  "finalPage": "/pricing"
}
[2026-01-30 00:11:40] REQ_ID=31725-6 USER=user1@demo.com LEAD_X=6 PAYLOAD={
  "name": "Lead Demo 20260130 6",
  "email": "lead_demo_20260130_6@demo.com",
  "source": "WEBSITE_FORM",
  "finalPage": "/pricing"
}
[2026-01-30 00:11:40] REQ_ID=4380-6 RESPONSE={"outcome":"SUCCESS","message":"Lead submitted successfully"}
HTTP_STATUS:200
[2026-01-30 00:11:40] REQ_ID=31725-6 RESPONSE={"outcome":"SUCCESS","message":"Lead submitted successfully"}
HTTP_STATUS:200
[2026-01-30 00:11:48] REQ_ID=8781-7 USER=user2@demo.com LEAD_X=7 PAYLOAD={
  "name": "Lead Demo 20260130 7",
  "email": "lead_demo_20260130_7@demo.com",
  "source": "WEBSITE_FORM",
  "finalPage": "/pricing"
}
[2026-01-30 00:11:48] REQ_ID=10263-7 USER=user1@demo.com LEAD_X=7 PAYLOAD={
  "name": "Lead Demo 20260130 7",
  "email": "lead_demo_20260130_7@demo.com",
  "source": "WEBSITE_FORM",
  "finalPage": "/pricing"
}
[2026-01-30 00:11:49] REQ_ID=8781-7 RESPONSE={"outcome":"SUCCESS","message":"Lead submitted successfully"}
HTTP_STATUS:200
[2026-01-30 00:11:49] REQ_ID=10263-7 RESPONSE={"outcome":"SUCCESS","message":"Lead submitted successfully"}
HTTP_STATUS:200
[2026-01-30 00:11:57] REQ_ID=17393-8 USER=user2@demo.com LEAD_X=8 PAYLOAD={
  "name": "Lead Demo 20260130 8",
  "email": "lead_demo_20260130_8@demo.com",
  "source": "WEBSITE_FORM",
  "finalPage": "/pricing"
}
[2026-01-30 00:11:57] REQ_ID=27462-8 USER=user1@demo.com LEAD_X=8 PAYLOAD={
  "name": "Lead Demo 20260130 8",
  "email": "lead_demo_20260130_8@demo.com",
  "source": "WEBSITE_FORM",
  "finalPage": "/pricing"
}
[2026-01-30 00:11:57] REQ_ID=17393-8 RESPONSE={"outcome":"SUCCESS","message":"Lead submitted successfully"}
HTTP_STATUS:200
[2026-01-30 00:11:57] REQ_ID=27462-8 RESPONSE={"outcome":"SUCCESS","message":"Lead submitted successfully"}
HTTP_STATUS:200
[2026-01-30 00:12:05] REQ_ID=25646-9 USER=user2@demo.com LEAD_X=9 PAYLOAD={
  "name": "Lead Demo 20260130 9",
  "email": "lead_demo_20260130_9@demo.com",
  "source": "WEBSITE_FORM",
  "finalPage": "/pricing"
}
[2026-01-30 00:12:05] REQ_ID=10439-9 USER=user1@demo.com LEAD_X=9 PAYLOAD={
  "name": "Lead Demo 20260130 9",
  "email": "lead_demo_20260130_9@demo.com",
  "source": "WEBSITE_FORM",
  "finalPage": "/pricing"
}
[2026-01-30 00:12:06] REQ_ID=25646-9 RESPONSE={"outcome":"SUCCESS","message":"Lead submitted successfully"}
HTTP_STATUS:200
[2026-01-30 00:12:06] REQ_ID=10439-9 RESPONSE={"outcome":"SUCCESS","message":"Lead submitted successfully"}
HTTP_STATUS:200
[2026-01-30 00:12:14] REQ_ID=19531-10 USER=user2@demo.com LEAD_X=10 PAYLOAD={
  "name": "Lead Demo 20260130 10",
  "email": "lead_demo_20260130_10@demo.com",
  "source": "WEBSITE_FORM",
  "finalPage": "/pricing"
}
[2026-01-30 00:12:14] REQ_ID=11731-10 USER=user1@demo.com LEAD_X=10 PAYLOAD={
  "name": "Lead Demo 20260130 10",
  "email": "lead_demo_20260130_10@demo.com",
  "source": "WEBSITE_FORM",
  "finalPage": "/pricing"
}
[2026-01-30 00:12:14] REQ_ID=19531-10 RESPONSE={"outcome":"SUCCESS","message":"Lead submitted successfully"}
HTTP_STATUS:200
[2026-01-30 00:12:14] REQ_ID=11731-10 RESPONSE={"outcome":"SUCCESS","message":"Lead submitted successfully"}
HTTP_STATUS:200
[2026-01-30 00:12:22] REQ_ID=2355-11 USER=user2@demo.com LEAD_X=11 PAYLOAD={
  "name": "Lead Demo 20260130 11",
  "email": "lead_demo_20260130_11@demo.com",
  "source": "WEBSITE_FORM",
  "finalPage": "/pricing"
}
[2026-01-30 00:12:22] REQ_ID=30481-11 USER=user1@demo.com LEAD_X=11 PAYLOAD={
  "name": "Lead Demo 20260130 11",
  "email": "lead_demo_20260130_11@demo.com",
  "source": "WEBSITE_FORM",
  "finalPage": "/pricing"
}
[2026-01-30 00:12:23] REQ_ID=2355-11 RESPONSE={"outcome":"SUCCESS","message":"Lead submitted successfully"}
HTTP_STATUS:200
[2026-01-30 00:12:23] REQ_ID=30481-11 RESPONSE={"outcome":"SUCCESS","message":"Lead submitted successfully"}
HTTP_STATUS:200
[2026-01-30 00:12:31] REQ_ID=32412-12 USER=user2@demo.com LEAD_X=12 PAYLOAD={
  "name": "Lead Demo 20260130 12",
  "email": "lead_demo_20260130_12@demo.com",
  "source": "WEBSITE_FORM",
  "finalPage": "/pricing"
}
[2026-01-30 00:12:31] REQ_ID=29836-12 USER=user1@demo.com LEAD_X=12 PAYLOAD={
  "name": "Lead Demo 20260130 12",
  "email": "lead_demo_20260130_12@demo.com",
  "source": "WEBSITE_FORM",
  "finalPage": "/pricing"
}
[2026-01-30 00:12:31] REQ_ID=32412-12 RESPONSE={"outcome":"SUCCESS","message":"Lead submitted successfully"}
HTTP_STATUS:200
[2026-01-30 00:12:31] REQ_ID=29836-12 RESPONSE={"outcome":"SUCCESS","message":"Lead submitted successfully"}
HTTP_STATUS:200
[2026-01-30 00:12:39] REQ_ID=8572-13 USER=user2@demo.com LEAD_X=13 PAYLOAD={
  "name": "Lead Demo 20260130 13",
  "email": "lead_demo_20260130_13@demo.com",
  "source": "WEBSITE_FORM",
  "finalPage": "/pricing"
}
[2026-01-30 00:12:39] REQ_ID=12728-13 USER=user1@demo.com LEAD_X=13 PAYLOAD={
  "name": "Lead Demo 20260130 13",
  "email": "lead_demo_20260130_13@demo.com",
  "source": "WEBSITE_FORM",
  "finalPage": "/pricing"
}
[2026-01-30 00:12:40] REQ_ID=8572-13 RESPONSE={"outcome":"SUCCESS","message":"Lead submitted successfully"}
HTTP_STATUS:200
[2026-01-30 00:12:40] REQ_ID=12728-13 RESPONSE={"outcome":"SUCCESS","message":"Lead submitted successfully"}
HTTP_STATUS:200
[2026-01-30 00:12:48] REQ_ID=1654-14 USER=user2@demo.com LEAD_X=14 PAYLOAD={
  "name": "Lead Demo 20260130 14",
  "email": "lead_demo_20260130_14@demo.com",
  "source": "WEBSITE_FORM",
  "finalPage": "/pricing"
}
[2026-01-30 00:12:48] REQ_ID=20021-14 USER=user1@demo.com LEAD_X=14 PAYLOAD={
  "name": "Lead Demo 20260130 14",
  "email": "lead_demo_20260130_14@demo.com",
  "source": "WEBSITE_FORM",
  "finalPage": "/pricing"
}
[2026-01-30 00:12:48] REQ_ID=1654-14 RESPONSE={"outcome":"SUCCESS","message":"Lead submitted successfully"}
HTTP_STATUS:200
[2026-01-30 00:12:48] REQ_ID=20021-14 RESPONSE={"outcome":"SUCCESS","message":"Lead submitted successfully"}
HTTP_STATUS:200
[2026-01-30 00:12:56] REQ_ID=8938-15 USER=user2@demo.com LEAD_X=15 PAYLOAD={
  "name": "Lead Demo 20260130 15",
  "email": "lead_demo_20260130_15@demo.com",
  "source": "WEBSITE_FORM",
  "finalPage": "/pricing"
}
[2026-01-30 00:12:56] REQ_ID=7615-15 USER=user1@demo.com LEAD_X=15 PAYLOAD={
  "name": "Lead Demo 20260130 15",
  "email": "lead_demo_20260130_15@demo.com",
  "source": "WEBSITE_FORM",
  "finalPage": "/pricing"
}
[2026-01-30 00:12:56] REQ_ID=8938-15 RESPONSE={"outcome":"SUCCESS","message":"Lead submitted successfully"}
HTTP_STATUS:200
[2026-01-30 00:12:57] REQ_ID=7615-15 RESPONSE={"outcome":"SUCCESS","message":"Lead submitted successfully"}
HTTP_STATUS:200
[2026-01-30 00:13:05] REQ_ID=28011-16 USER=user2@demo.com LEAD_X=16 PAYLOAD={
  "name": "Lead Demo 20260130 16",
  "email": "lead_demo_20260130_16@demo.com",
  "source": "WEBSITE_FORM",
  "finalPage": "/pricing"
}
[2026-01-30 00:13:05] REQ_ID=11651-16 USER=user1@demo.com LEAD_X=16 PAYLOAD={
  "name": "Lead Demo 20260130 16",
  "email": "lead_demo_20260130_16@demo.com",
  "source": "WEBSITE_FORM",
  "finalPage": "/pricing"
}
[2026-01-30 00:13:05] REQ_ID=28011-16 RESPONSE={"outcome":"SUCCESS","message":"Lead submitted successfully"}
HTTP_STATUS:200
[2026-01-30 00:13:05] REQ_ID=11651-16 RESPONSE={"outcome":"SUCCESS","message":"Lead submitted successfully"}
HTTP_STATUS:200
[2026-01-30 00:13:13] REQ_ID=5188-17 USER=user2@demo.com LEAD_X=17 PAYLOAD={
  "name": "Lead Demo 20260130 17",
  "email": "lead_demo_20260130_17@demo.com",
  "source": "WEBSITE_FORM",
  "finalPage": "/pricing"
}
[2026-01-30 00:13:13] REQ_ID=15417-17 USER=user1@demo.com LEAD_X=17 PAYLOAD={
  "name": "Lead Demo 20260130 17",
  "email": "lead_demo_20260130_17@demo.com",
  "source": "WEBSITE_FORM",
  "finalPage": "/pricing"
}
[2026-01-30 00:13:13] REQ_ID=5188-17 RESPONSE={"outcome":"SUCCESS","message":"Lead submitted successfully"}
HTTP_STATUS:200
[2026-01-30 00:13:14] REQ_ID=15417-17 RESPONSE={"outcome":"SUCCESS","message":"Lead submitted successfully"}
HTTP_STATUS:200
[2026-01-30 00:13:21] REQ_ID=29082-18 USER=user2@demo.com LEAD_X=18 PAYLOAD={
  "name": "Lead Demo 20260130 18",
  "email": "lead_demo_20260130_18@demo.com",
  "source": "WEBSITE_FORM",
  "finalPage": "/pricing"
}
[2026-01-30 00:13:22] REQ_ID=8713-18 USER=user1@demo.com LEAD_X=18 PAYLOAD={
  "name": "Lead Demo 20260130 18",
  "email": "lead_demo_20260130_18@demo.com",
  "source": "WEBSITE_FORM",
  "finalPage": "/pricing"
}
[2026-01-30 00:13:22] REQ_ID=29082-18 RESPONSE={"outcome":"SUCCESS","message":"Lead submitted successfully"}
HTTP_STATUS:200
[2026-01-30 00:13:22] REQ_ID=8713-18 RESPONSE={"outcome":"SUCCESS","message":"Lead submitted successfully"}
HTTP_STATUS:200
[2026-01-30 00:13:30] REQ_ID=11877-19 USER=user2@demo.com LEAD_X=19 PAYLOAD={
  "name": "Lead Demo 20260130 19",
  "email": "lead_demo_20260130_19@demo.com",
  "source": "WEBSITE_FORM",
  "finalPage": "/pricing"
}
[2026-01-30 00:13:30] REQ_ID=26645-19 USER=user1@demo.com LEAD_X=19 PAYLOAD={
  "name": "Lead Demo 20260130 19",
  "email": "lead_demo_20260130_19@demo.com",
  "source": "WEBSITE_FORM",
  "finalPage": "/pricing"
}
[2026-01-30 00:13:30] REQ_ID=11877-19 RESPONSE={"outcome":"SUCCESS","message":"Lead submitted successfully"}
HTTP_STATUS:200
[2026-01-30 00:13:30] REQ_ID=26645-19 RESPONSE={"outcome":"SUCCESS","message":"Lead submitted successfully"}
HTTP_STATUS:200
[2026-01-30 00:13:38] REQ_ID=31897-20 USER=user2@demo.com LEAD_X=20 PAYLOAD={
  "name": "Lead Demo 20260130 20",
  "email": "lead_demo_20260130_20@demo.com",
  "source": "WEBSITE_FORM",
  "finalPage": "/pricing"
}
[2026-01-30 00:13:38] REQ_ID=32036-20 USER=user1@demo.com LEAD_X=20 PAYLOAD={
  "name": "Lead Demo 20260130 20",
  "email": "lead_demo_20260130_20@demo.com",
  "source": "WEBSITE_FORM",
  "finalPage": "/pricing"
}
[2026-01-30 00:13:39] REQ_ID=31897-20 RESPONSE={"outcome":"SUCCESS","message":"Lead submitted successfully"}
HTTP_STATUS:200
[2026-01-30 00:13:39] REQ_ID=32036-20 RESPONSE={"outcome":"SUCCESS","message":"Lead submitted successfully"}
HTTP_STATUS:200
[2026-01-30 00:13:47] user2@demo.com submitting 3 duplicate leads
[2026-01-30 00:13:47] REQ_ID=3241-1 USER=user2@demo.com LEAD_X=1 PAYLOAD={
  "name": "Lead Demo 20260130 1",
  "email": "lead_demo_20260130_1@demo.com",
  "source": "WEBSITE_FORM",
  "finalPage": "/pricing"
}
[2026-01-30 00:13:47] user1@demo.com submitting 1 duplicate leads
[2026-01-30 00:13:47] REQ_ID=21643-1 USER=user1@demo.com LEAD_X=1 PAYLOAD={
  "name": "Lead Demo 20260130 1",
  "email": "lead_demo_20260130_1@demo.com",
  "source": "WEBSITE_FORM",
  "finalPage": "/pricing"
}
[2026-01-30 00:13:47] REQ_ID=3241-1 RESPONSE={"outcome":"DUPLICATE_LEAD","message":"Lead already submitted for this page"}
HTTP_STATUS:409
[2026-01-30 00:13:47] REQ_ID=21643-1 RESPONSE={"outcome":"DUPLICATE_LEAD","message":"Lead already submitted for this page"}
HTTP_STATUS:409
[2026-01-30 00:13:55] REQ_ID=26976-2 USER=user2@demo.com LEAD_X=2 PAYLOAD={
  "name": "Lead Demo 20260130 2",
  "email": "lead_demo_20260130_2@demo.com",
  "source": "WEBSITE_FORM",
  "finalPage": "/pricing"
}
[2026-01-30 00:13:55] END user flow: user1@demo.com
[2026-01-30 00:13:56] REQ_ID=26976-2 RESPONSE={"outcome":"DUPLICATE_LEAD","message":"Lead already submitted for this page"}
HTTP_STATUS:409
[2026-01-30 00:14:04] REQ_ID=9204-3 USER=user2@demo.com LEAD_X=3 PAYLOAD={
  "name": "Lead Demo 20260130 3",
  "email": "lead_demo_20260130_3@demo.com",
  "source": "WEBSITE_FORM",
  "finalPage": "/pricing"
}
[2026-01-30 00:14:04] REQ_ID=9204-3 RESPONSE={"outcome":"DUPLICATE_LEAD","message":"Lead already submitted for this page"}
HTTP_STATUS:409
[2026-01-30 00:14:12] END user flow: user2@demo.com
[2026-01-30 00:14:12] RATE LIMIT BLAST for user1@demo.com (14 calls)
[2026-01-30 00:14:12] REQ_ID=18620-RL1 USER=user1@demo.com LEAD_X=RL1 PAYLOAD={
  "name": "Lead Demo 20260130 RL1",
  "email": "lead_demo_20260130_RL1@demo.com",
  "source": "WEBSITE_FORM",
  "finalPage": "/pricing"
}
[2026-01-30 00:14:12] REQ_ID=18620-RL1 RESPONSE={"outcome":"SUCCESS","message":"Lead submitted successfully"}
HTTP_STATUS:200
[2026-01-30 00:14:13] REQ_ID=8193-RL2 USER=user1@demo.com LEAD_X=RL2 PAYLOAD={
  "name": "Lead Demo 20260130 RL2",
  "email": "lead_demo_20260130_RL2@demo.com",
  "source": "WEBSITE_FORM",
  "finalPage": "/pricing"
}
[2026-01-30 00:14:14] REQ_ID=8193-RL2 RESPONSE={"outcome":"SUCCESS","message":"Lead submitted successfully"}
HTTP_STATUS:200
[2026-01-30 00:14:15] REQ_ID=9034-RL3 USER=user1@demo.com LEAD_X=RL3 PAYLOAD={
  "name": "Lead Demo 20260130 RL3",
  "email": "lead_demo_20260130_RL3@demo.com",
  "source": "WEBSITE_FORM",
  "finalPage": "/pricing"
}
[2026-01-30 00:14:15] REQ_ID=9034-RL3 RESPONSE={"outcome":"SUCCESS","message":"Lead submitted successfully"}
HTTP_STATUS:200
[2026-01-30 00:14:16] REQ_ID=21678-RL4 USER=user1@demo.com LEAD_X=RL4 PAYLOAD={
  "name": "Lead Demo 20260130 RL4",
  "email": "lead_demo_20260130_RL4@demo.com",
  "source": "WEBSITE_FORM",
  "finalPage": "/pricing"
}
[2026-01-30 00:14:16] REQ_ID=21678-RL4 RESPONSE={"outcome":"SUCCESS","message":"Lead submitted successfully"}
HTTP_STATUS:200
[2026-01-30 00:14:17] REQ_ID=10513-RL5 USER=user1@demo.com LEAD_X=RL5 PAYLOAD={
  "name": "Lead Demo 20260130 RL5",
  "email": "lead_demo_20260130_RL5@demo.com",
  "source": "WEBSITE_FORM",
  "finalPage": "/pricing"
}
[2026-01-30 00:14:18] REQ_ID=10513-RL5 RESPONSE={"outcome":"SUCCESS","message":"Lead submitted successfully"}
HTTP_STATUS:200
[2026-01-30 00:14:19] REQ_ID=5253-RL6 USER=user1@demo.com LEAD_X=RL6 PAYLOAD={
  "name": "Lead Demo 20260130 RL6",
  "email": "lead_demo_20260130_RL6@demo.com",
  "source": "WEBSITE_FORM",
  "finalPage": "/pricing"
}
[2026-01-30 00:14:19] REQ_ID=5253-RL6 RESPONSE={"outcome":"SUCCESS","message":"Lead submitted successfully"}
HTTP_STATUS:200
[2026-01-30 00:14:20] REQ_ID=9427-RL7 USER=user1@demo.com LEAD_X=RL7 PAYLOAD={
  "name": "Lead Demo 20260130 RL7",
  "email": "lead_demo_20260130_RL7@demo.com",
  "source": "WEBSITE_FORM",
  "finalPage": "/pricing"
}
[2026-01-30 00:14:20] REQ_ID=9427-RL7 RESPONSE={"outcome":"SUCCESS","message":"Lead submitted successfully"}
HTTP_STATUS:200
[2026-01-30 00:14:22] REQ_ID=30502-RL8 USER=user1@demo.com LEAD_X=RL8 PAYLOAD={
  "name": "Lead Demo 20260130 RL8",
  "email": "lead_demo_20260130_RL8@demo.com",
  "source": "WEBSITE_FORM",
  "finalPage": "/pricing"
}
[2026-01-30 00:14:22] REQ_ID=30502-RL8 RESPONSE={"outcome":"SUCCESS","message":"Lead submitted successfully"}
HTTP_STATUS:200
[2026-01-30 00:14:23] REQ_ID=2946-RL9 USER=user1@demo.com LEAD_X=RL9 PAYLOAD={
  "name": "Lead Demo 20260130 RL9",
  "email": "lead_demo_20260130_RL9@demo.com",
  "source": "WEBSITE_FORM",
  "finalPage": "/pricing"
}
[2026-01-30 00:14:23] REQ_ID=2946-RL9 RESPONSE={"outcome":"SUCCESS","message":"Lead submitted successfully"}
HTTP_STATUS:200
[2026-01-30 00:14:24] REQ_ID=14875-RL10 USER=user1@demo.com LEAD_X=RL10 PAYLOAD={
  "name": "Lead Demo 20260130 RL10",
  "email": "lead_demo_20260130_RL10@demo.com",
  "source": "WEBSITE_FORM",
  "finalPage": "/pricing"
}
[2026-01-30 00:14:25] REQ_ID=14875-RL10 RESPONSE={"outcome":"SUCCESS","message":"Lead submitted successfully"}
HTTP_STATUS:200
[2026-01-30 00:14:26] REQ_ID=3080-RL11 USER=user1@demo.com LEAD_X=RL11 PAYLOAD={
  "name": "Lead Demo 20260130 RL11",
  "email": "lead_demo_20260130_RL11@demo.com",
  "source": "WEBSITE_FORM",
  "finalPage": "/pricing"
}
[2026-01-30 00:14:26] REQ_ID=3080-RL11 RESPONSE={"outcome":"SUCCESS","message":"Lead submitted successfully"}
HTTP_STATUS:200
[2026-01-30 00:14:27] REQ_ID=6494-RL12 USER=user1@demo.com LEAD_X=RL12 PAYLOAD={
  "name": "Lead Demo 20260130 RL12",
  "email": "lead_demo_20260130_RL12@demo.com",
  "source": "WEBSITE_FORM",
  "finalPage": "/pricing"
}
[2026-01-30 00:14:27] REQ_ID=6494-RL12 RESPONSE={"outcome":"SUCCESS","message":"Lead submitted successfully"}
HTTP_STATUS:200
[2026-01-30 00:14:28] REQ_ID=18790-RL13 USER=user1@demo.com LEAD_X=RL13 PAYLOAD={
  "name": "Lead Demo 20260130 RL13",
  "email": "lead_demo_20260130_RL13@demo.com",
  "source": "WEBSITE_FORM",
  "finalPage": "/pricing"
}
[2026-01-30 00:14:28] REQ_ID=18790-RL13 RESPONSE={"error":"RATE_LIMIT_EXCEEDED","message":"Too many requests. Please try again later."}
HTTP_STATUS:429
[2026-01-30 00:14:29] REQ_ID=1293-RL14 USER=user1@demo.com LEAD_X=RL14 PAYLOAD={
  "name": "Lead Demo 20260130 RL14",
  "email": "lead_demo_20260130_RL14@demo.com",
  "source": "WEBSITE_FORM",
  "finalPage": "/pricing"
}
[2026-01-30 00:14:30] REQ_ID=1293-RL14 RESPONSE={"error":"RATE_LIMIT_EXCEEDED","message":"Too many requests. Please try again later."}
HTTP_STATUS:429
[2026-01-30 00:14:31] END RATE LIMIT BLAST for user1@demo.com
[2026-01-30 00:14:31] ================= LEAD LAB RUN END ===================
