[2026-02-03 00:12:21] ================= LEAD LAB RUN START =================
[2026-02-03 00:12:21] START user flow: user1@demo.com
[2026-02-03 00:12:21] START user flow: user2@demo.com
[2026-02-03 00:12:21] REQ_ID=17230-1 USER=user2@demo.com LEAD_X=1 PAYLOAD={
  "name": "Lead Demo 20260203 1",
  "email": "lead_demo_20260203_1@demo.com",
  "source": "WEBSITE_FORM",
  "finalPage": "/pricing"
}
[2026-02-03 00:12:21] REQ_ID=21655-1 USER=user1@demo.com LEAD_X=1 PAYLOAD={
  "name": "Lead Demo 20260203 1",
  "email": "lead_demo_20260203_1@demo.com",
  "source": "WEBSITE_FORM",
  "finalPage": "/pricing"
}
[2026-02-03 00:12:21] REQ_ID=21655-1 RESPONSE={"outcome":"SUCCESS","message":"Lead submitted successfully"}
HTTP_STATUS:200
[2026-02-03 00:12:21] REQ_ID=17230-1 RESPONSE={"outcome":"SUCCESS","message":"Lead submitted successfully"}
HTTP_STATUS:200
[2026-02-03 00:12:29] REQ_ID=17390-2 USER=user1@demo.com LEAD_X=2 PAYLOAD={
  "name": "Lead Demo 20260203 2",
  "email": "lead_demo_20260203_2@demo.com",
  "source": "WEBSITE_FORM",
  "finalPage": "/pricing"
}
[2026-02-03 00:12:29] REQ_ID=29782-2 USER=user2@demo.com LEAD_X=2 PAYLOAD={
  "name": "Lead Demo 20260203 2",
  "email": "lead_demo_20260203_2@demo.com",
  "source": "WEBSITE_FORM",
  "finalPage": "/pricing"
}
[2026-02-03 00:12:30] REQ_ID=17390-2 RESPONSE={"outcome":"SUCCESS","message":"Lead submitted successfully"}
HTTP_STATUS:200
[2026-02-03 00:12:30] REQ_ID=29782-2 RESPONSE={"outcome":"SUCCESS","message":"Lead submitted successfully"}
HTTP_STATUS:200
[2026-02-03 00:12:38] REQ_ID=10939-3 USER=user1@demo.com LEAD_X=3 PAYLOAD={
  "name": "Lead Demo 20260203 3",
  "email": "lead_demo_20260203_3@demo.com",
  "source": "WEBSITE_FORM",
  "finalPage": "/pricing"
}
[2026-02-03 00:12:38] REQ_ID=12245-3 USER=user2@demo.com LEAD_X=3 PAYLOAD={
  "name": "Lead Demo 20260203 3",
  "email": "lead_demo_20260203_3@demo.com",
  "source": "WEBSITE_FORM",
  "finalPage": "/pricing"
}
[2026-02-03 00:12:38] REQ_ID=10939-3 RESPONSE={"outcome":"SUCCESS","message":"Lead submitted successfully"}
HTTP_STATUS:200
[2026-02-03 00:12:38] REQ_ID=12245-3 RESPONSE={"outcome":"SUCCESS","message":"Lead submitted successfully"}
HTTP_STATUS:200
[2026-02-03 00:12:46] REQ_ID=8694-4 USER=user1@demo.com LEAD_X=4 PAYLOAD={
  "name": "Lead Demo 20260203 4",
  "email": "lead_demo_20260203_4@demo.com",
  "source": "WEBSITE_FORM",
  "finalPage": "/pricing"
}
[2026-02-03 00:12:46] REQ_ID=27880-4 USER=user2@demo.com LEAD_X=4 PAYLOAD={
  "name": "Lead Demo 20260203 4",
  "email": "lead_demo_20260203_4@demo.com",
  "source": "WEBSITE_FORM",
  "finalPage": "/pricing"
}
[2026-02-03 00:12:47] REQ_ID=8694-4 RESPONSE={"outcome":"SUCCESS","message":"Lead submitted successfully"}
HTTP_STATUS:200
[2026-02-03 00:12:47] REQ_ID=27880-4 RESPONSE={"outcome":"SUCCESS","message":"Lead submitted successfully"}
HTTP_STATUS:200
[2026-02-03 00:12:55] REQ_ID=28895-5 USER=user1@demo.com LEAD_X=5 PAYLOAD={
  "name": "Lead Demo 20260203 5",
  "email": "lead_demo_20260203_5@demo.com",
  "source": "WEBSITE_FORM",
  "finalPage": "/pricing"
}
[2026-02-03 00:12:55] REQ_ID=23745-5 USER=user2@demo.com LEAD_X=5 PAYLOAD={
  "name": "Lead Demo 20260203 5",
  "email": "lead_demo_20260203_5@demo.com",
  "source": "WEBSITE_FORM",
  "finalPage": "/pricing"
}
[2026-02-03 00:12:55] REQ_ID=28895-5 RESPONSE={"outcome":"SUCCESS","message":"Lead submitted successfully"}
HTTP_STATUS:200
[2026-02-03 00:12:55] REQ_ID=23745-5 RESPONSE={"outcome":"SUCCESS","message":"Lead submitted successfully"}
HTTP_STATUS:200
[2026-02-03 00:13:03] REQ_ID=22811-6 USER=user1@demo.com LEAD_X=6 PAYLOAD={
  "name": "Lead Demo 20260203 6",
  "email": "lead_demo_20260203_6@demo.com",
  "source": "WEBSITE_FORM",
  "finalPage": "/pricing"
}
[2026-02-03 00:13:03] REQ_ID=1556-6 USER=user2@demo.com LEAD_X=6 PAYLOAD={
  "name": "Lead Demo 20260203 6",
  "email": "lead_demo_20260203_6@demo.com",
  "source": "WEBSITE_FORM",
  "finalPage": "/pricing"
}
[2026-02-03 00:13:04] REQ_ID=22811-6 RESPONSE={"outcome":"SUCCESS","message":"Lead submitted successfully"}
HTTP_STATUS:200
[2026-02-03 00:13:04] REQ_ID=1556-6 RESPONSE={"outcome":"SUCCESS","message":"Lead submitted successfully"}
HTTP_STATUS:200
[2026-02-03 00:13:12] REQ_ID=17979-7 USER=user1@demo.com LEAD_X=7 PAYLOAD={
  "name": "Lead Demo 20260203 7",
  "email": "lead_demo_20260203_7@demo.com",
  "source": "WEBSITE_FORM",
  "finalPage": "/pricing"
}
[2026-02-03 00:13:12] REQ_ID=3959-7 USER=user2@demo.com LEAD_X=7 PAYLOAD={
  "name": "Lead Demo 20260203 7",
  "email": "lead_demo_20260203_7@demo.com",
  "source": "WEBSITE_FORM",
  "finalPage": "/pricing"
}
[2026-02-03 00:13:12] REQ_ID=17979-7 RESPONSE={"outcome":"SUCCESS","message":"Lead submitted successfully"}
HTTP_STATUS:200
[2026-02-03 00:13:12] REQ_ID=3959-7 RESPONSE={"outcome":"SUCCESS","message":"Lead submitted successfully"}
HTTP_STATUS:200
[2026-02-03 00:13:20] REQ_ID=4463-8 USER=user1@demo.com LEAD_X=8 PAYLOAD={
  "name": "Lead Demo 20260203 8",
  "email": "lead_demo_20260203_8@demo.com",
  "source": "WEBSITE_FORM",
  "finalPage": "/pricing"
}
[2026-02-03 00:13:20] REQ_ID=15139-8 USER=user2@demo.com LEAD_X=8 PAYLOAD={
  "name": "Lead Demo 20260203 8",
  "email": "lead_demo_20260203_8@demo.com",
  "source": "WEBSITE_FORM",
  "finalPage": "/pricing"
}
[2026-02-03 00:13:21] REQ_ID=4463-8 RESPONSE={"outcome":"SUCCESS","message":"Lead submitted successfully"}
HTTP_STATUS:200
[2026-02-03 00:13:21] REQ_ID=15139-8 RESPONSE={"outcome":"SUCCESS","message":"Lead submitted successfully"}
HTTP_STATUS:200
[2026-02-03 00:13:29] REQ_ID=28398-9 USER=user1@demo.com LEAD_X=9 PAYLOAD={
  "name": "Lead Demo 20260203 9",
  "email": "lead_demo_20260203_9@demo.com",
  "source": "WEBSITE_FORM",
  "finalPage": "/pricing"
}
[2026-02-03 00:13:29] REQ_ID=1207-9 USER=user2@demo.com LEAD_X=9 PAYLOAD={
  "name": "Lead Demo 20260203 9",
  "email": "lead_demo_20260203_9@demo.com",
  "source": "WEBSITE_FORM",
  "finalPage": "/pricing"
}
[2026-02-03 00:13:29] REQ_ID=28398-9 RESPONSE={"outcome":"SUCCESS","message":"Lead submitted successfully"}
HTTP_STATUS:200
[2026-02-03 00:13:29] REQ_ID=1207-9 RESPONSE={"outcome":"SUCCESS","message":"Lead submitted successfully"}
HTTP_STATUS:200
[2026-02-03 00:13:37] REQ_ID=16920-10 USER=user1@demo.com LEAD_X=10 PAYLOAD={
  "name": "Lead Demo 20260203 10",
  "email": "lead_demo_20260203_10@demo.com",
  "source": "WEBSITE_FORM",
  "finalPage": "/pricing"
}
[2026-02-03 00:13:37] REQ_ID=16585-10 USER=user2@demo.com LEAD_X=10 PAYLOAD={
  "name": "Lead Demo 20260203 10",
  "email": "lead_demo_20260203_10@demo.com",
  "source": "WEBSITE_FORM",
  "finalPage": "/pricing"
}
[2026-02-03 00:13:38] REQ_ID=16920-10 RESPONSE={"outcome":"SUCCESS","message":"Lead submitted successfully"}
HTTP_STATUS:200
[2026-02-03 00:13:38] REQ_ID=16585-10 RESPONSE={"outcome":"SUCCESS","message":"Lead submitted successfully"}
HTTP_STATUS:200
[2026-02-03 00:13:46] REQ_ID=21586-11 USER=user1@demo.com LEAD_X=11 PAYLOAD={
  "name": "Lead Demo 20260203 11",
  "email": "lead_demo_20260203_11@demo.com",
  "source": "WEBSITE_FORM",
  "finalPage": "/pricing"
}
[2026-02-03 00:13:46] REQ_ID=32395-11 USER=user2@demo.com LEAD_X=11 PAYLOAD={
  "name": "Lead Demo 20260203 11",
  "email": "lead_demo_20260203_11@demo.com",
  "source": "WEBSITE_FORM",
  "finalPage": "/pricing"
}
[2026-02-03 00:13:46] REQ_ID=21586-11 RESPONSE={"outcome":"SUCCESS","message":"Lead submitted successfully"}
HTTP_STATUS:200
[2026-02-03 00:13:46] REQ_ID=32395-11 RESPONSE={"outcome":"SUCCESS","message":"Lead submitted successfully"}
HTTP_STATUS:200
[2026-02-03 00:13:54] REQ_ID=16190-12 USER=user1@demo.com LEAD_X=12 PAYLOAD={
  "name": "Lead Demo 20260203 12",
  "email": "lead_demo_20260203_12@demo.com",
  "source": "WEBSITE_FORM",
  "finalPage": "/pricing"
}
[2026-02-03 00:13:54] REQ_ID=26200-12 USER=user2@demo.com LEAD_X=12 PAYLOAD={
  "name": "Lead Demo 20260203 12",
  "email": "lead_demo_20260203_12@demo.com",
  "source": "WEBSITE_FORM",
  "finalPage": "/pricing"
}
[2026-02-03 00:13:54] REQ_ID=16190-12 RESPONSE={"outcome":"SUCCESS","message":"Lead submitted successfully"}
HTTP_STATUS:200
[2026-02-03 00:13:55] REQ_ID=26200-12 RESPONSE={"outcome":"SUCCESS","message":"Lead submitted successfully"}
HTTP_STATUS:200
[2026-02-03 00:14:03] REQ_ID=20684-13 USER=user1@demo.com LEAD_X=13 PAYLOAD={
  "name": "Lead Demo 20260203 13",
  "email": "lead_demo_20260203_13@demo.com",
  "source": "WEBSITE_FORM",
  "finalPage": "/pricing"
}
[2026-02-03 00:14:03] REQ_ID=7794-13 USER=user2@demo.com LEAD_X=13 PAYLOAD={
  "name": "Lead Demo 20260203 13",
  "email": "lead_demo_20260203_13@demo.com",
  "source": "WEBSITE_FORM",
  "finalPage": "/pricing"
}
[2026-02-03 00:14:03] REQ_ID=20684-13 RESPONSE={"outcome":"SUCCESS","message":"Lead submitted successfully"}
HTTP_STATUS:200
[2026-02-03 00:14:03] REQ_ID=7794-13 RESPONSE={"outcome":"SUCCESS","message":"Lead submitted successfully"}
HTTP_STATUS:200
[2026-02-03 00:14:11] REQ_ID=4834-14 USER=user1@demo.com LEAD_X=14 PAYLOAD={
  "name": "Lead Demo 20260203 14",
  "email": "lead_demo_20260203_14@demo.com",
  "source": "WEBSITE_FORM",
  "finalPage": "/pricing"
}
[2026-02-03 00:14:11] REQ_ID=13264-14 USER=user2@demo.com LEAD_X=14 PAYLOAD={
  "name": "Lead Demo 20260203 14",
  "email": "lead_demo_20260203_14@demo.com",
  "source": "WEBSITE_FORM",
  "finalPage": "/pricing"
}
[2026-02-03 00:14:11] REQ_ID=4834-14 RESPONSE={"outcome":"SUCCESS","message":"Lead submitted successfully"}
HTTP_STATUS:200
[2026-02-03 00:14:11] REQ_ID=13264-14 RESPONSE={"outcome":"SUCCESS","message":"Lead submitted successfully"}
HTTP_STATUS:200
[2026-02-03 00:14:19] REQ_ID=8142-15 USER=user1@demo.com LEAD_X=15 PAYLOAD={
  "name": "Lead Demo 20260203 15",
  "email": "lead_demo_20260203_15@demo.com",
  "source": "WEBSITE_FORM",
  "finalPage": "/pricing"
}
[2026-02-03 00:14:19] REQ_ID=32580-15 USER=user2@demo.com LEAD_X=15 PAYLOAD={
  "name": "Lead Demo 20260203 15",
  "email": "lead_demo_20260203_15@demo.com",
  "source": "WEBSITE_FORM",
  "finalPage": "/pricing"
}
[2026-02-03 00:14:20] REQ_ID=8142-15 RESPONSE={"outcome":"SUCCESS","message":"Lead submitted successfully"}
HTTP_STATUS:200
[2026-02-03 00:14:20] REQ_ID=32580-15 RESPONSE={"outcome":"SUCCESS","message":"Lead submitted successfully"}
HTTP_STATUS:200
[2026-02-03 00:14:28] REQ_ID=24433-16 USER=user1@demo.com LEAD_X=16 PAYLOAD={
  "name": "Lead Demo 20260203 16",
  "email": "lead_demo_20260203_16@demo.com",
  "source": "WEBSITE_FORM",
  "finalPage": "/pricing"
}
[2026-02-03 00:14:28] REQ_ID=23320-16 USER=user2@demo.com LEAD_X=16 PAYLOAD={
  "name": "Lead Demo 20260203 16",
  "email": "lead_demo_20260203_16@demo.com",
  "source": "WEBSITE_FORM",
  "finalPage": "/pricing"
}
[2026-02-03 00:14:28] REQ_ID=24433-16 RESPONSE={"outcome":"SUCCESS","message":"Lead submitted successfully"}
HTTP_STATUS:200
[2026-02-03 00:14:28] REQ_ID=23320-16 RESPONSE={"outcome":"SUCCESS","message":"Lead submitted successfully"}
HTTP_STATUS:200
[2026-02-03 00:14:36] REQ_ID=4736-17 USER=user1@demo.com LEAD_X=17 PAYLOAD={
  "name": "Lead Demo 20260203 17",
  "email": "lead_demo_20260203_17@demo.com",
  "source": "WEBSITE_FORM",
  "finalPage": "/pricing"
}
[2026-02-03 00:14:36] REQ_ID=19975-17 USER=user2@demo.com LEAD_X=17 PAYLOAD={
  "name": "Lead Demo 20260203 17",
  "email": "lead_demo_20260203_17@demo.com",
  "source": "WEBSITE_FORM",
  "finalPage": "/pricing"
}
[2026-02-03 00:14:37] REQ_ID=4736-17 RESPONSE={"outcome":"SUCCESS","message":"Lead submitted successfully"}
HTTP_STATUS:200
[2026-02-03 00:14:37] REQ_ID=19975-17 RESPONSE={"outcome":"SUCCESS","message":"Lead submitted successfully"}
HTTP_STATUS:200
[2026-02-03 00:14:45] REQ_ID=11975-18 USER=user1@demo.com LEAD_X=18 PAYLOAD={
  "name": "Lead Demo 20260203 18",
  "email": "lead_demo_20260203_18@demo.com",
  "source": "WEBSITE_FORM",
  "finalPage": "/pricing"
}
[2026-02-03 00:14:45] REQ_ID=29311-18 USER=user2@demo.com LEAD_X=18 PAYLOAD={
  "name": "Lead Demo 20260203 18",
  "email": "lead_demo_20260203_18@demo.com",
  "source": "WEBSITE_FORM",
  "finalPage": "/pricing"
}
[2026-02-03 00:14:45] REQ_ID=11975-18 RESPONSE={"outcome":"SUCCESS","message":"Lead submitted successfully"}
HTTP_STATUS:200
[2026-02-03 00:14:45] REQ_ID=29311-18 RESPONSE={"outcome":"SUCCESS","message":"Lead submitted successfully"}
HTTP_STATUS:200
[2026-02-03 00:14:53] REQ_ID=9623-19 USER=user1@demo.com LEAD_X=19 PAYLOAD={
  "name": "Lead Demo 20260203 19",
  "email": "lead_demo_20260203_19@demo.com",
  "source": "WEBSITE_FORM",
  "finalPage": "/pricing"
}
[2026-02-03 00:14:53] REQ_ID=31454-19 USER=user2@demo.com LEAD_X=19 PAYLOAD={
  "name": "Lead Demo 20260203 19",
  "email": "lead_demo_20260203_19@demo.com",
  "source": "WEBSITE_FORM",
  "finalPage": "/pricing"
}
[2026-02-03 00:14:53] REQ_ID=9623-19 RESPONSE={"outcome":"SUCCESS","message":"Lead submitted successfully"}
HTTP_STATUS:200
[2026-02-03 00:14:53] REQ_ID=31454-19 RESPONSE={"outcome":"SUCCESS","message":"Lead submitted successfully"}
HTTP_STATUS:200
[2026-02-03 00:15:01] REQ_ID=30418-20 USER=user1@demo.com LEAD_X=20 PAYLOAD={
  "name": "Lead Demo 20260203 20",
  "email": "lead_demo_20260203_20@demo.com",
  "source": "WEBSITE_FORM",
  "finalPage": "/pricing"
}
[2026-02-03 00:15:01] REQ_ID=25092-20 USER=user2@demo.com LEAD_X=20 PAYLOAD={
  "name": "Lead Demo 20260203 20",
  "email": "lead_demo_20260203_20@demo.com",
  "source": "WEBSITE_FORM",
  "finalPage": "/pricing"
}
[2026-02-03 00:15:02] REQ_ID=30418-20 RESPONSE={"outcome":"SUCCESS","message":"Lead submitted successfully"}
HTTP_STATUS:200
[2026-02-03 00:15:02] REQ_ID=25092-20 RESPONSE={"outcome":"SUCCESS","message":"Lead submitted successfully"}
HTTP_STATUS:200
[2026-02-03 00:15:10] user1@demo.com submitting 1 duplicate leads
[2026-02-03 00:15:10] REQ_ID=30761-1 USER=user1@demo.com LEAD_X=1 PAYLOAD={
  "name": "Lead Demo 20260203 1",
  "email": "lead_demo_20260203_1@demo.com",
  "source": "WEBSITE_FORM",
  "finalPage": "/pricing"
}
[2026-02-03 00:15:10] user2@demo.com submitting 2 duplicate leads
[2026-02-03 00:15:10] REQ_ID=23583-1 USER=user2@demo.com LEAD_X=1 PAYLOAD={
  "name": "Lead Demo 20260203 1",
  "email": "lead_demo_20260203_1@demo.com",
  "source": "WEBSITE_FORM",
  "finalPage": "/pricing"
}
[2026-02-03 00:15:10] REQ_ID=30761-1 RESPONSE={"outcome":"DUPLICATE_LEAD","message":"Lead already submitted for this page"}
HTTP_STATUS:409
[2026-02-03 00:15:10] REQ_ID=23583-1 RESPONSE={"outcome":"DUPLICATE_LEAD","message":"Lead already submitted for this page"}
HTTP_STATUS:409
[2026-02-03 00:15:18] END user flow: user1@demo.com
[2026-02-03 00:15:18] REQ_ID=16309-2 USER=user2@demo.com LEAD_X=2 PAYLOAD={
  "name": "Lead Demo 20260203 2",
  "email": "lead_demo_20260203_2@demo.com",
  "source": "WEBSITE_FORM",
  "finalPage": "/pricing"
}
[2026-02-03 00:15:19] REQ_ID=16309-2 RESPONSE={"outcome":"DUPLICATE_LEAD","message":"Lead already submitted for this page"}
HTTP_STATUS:409
[2026-02-03 00:15:27] END user flow: user2@demo.com
[2026-02-03 00:15:27] RATE LIMIT BLAST for user1@demo.com (12 calls)
[2026-02-03 00:15:27] REQ_ID=27149-RL1 USER=user1@demo.com LEAD_X=RL1 PAYLOAD={
  "name": "Lead Demo 20260203 RL1",
  "email": "lead_demo_20260203_RL1@demo.com",
  "source": "WEBSITE_FORM",
  "finalPage": "/pricing"
}
[2026-02-03 00:15:27] REQ_ID=27149-RL1 RESPONSE={"outcome":"SUCCESS","message":"Lead submitted successfully"}
HTTP_STATUS:200
[2026-02-03 00:15:28] REQ_ID=6414-RL2 USER=user1@demo.com LEAD_X=RL2 PAYLOAD={
  "name": "Lead Demo 20260203 RL2",
  "email": "lead_demo_20260203_RL2@demo.com",
  "source": "WEBSITE_FORM",
  "finalPage": "/pricing"
}
[2026-02-03 00:15:28] REQ_ID=6414-RL2 RESPONSE={"outcome":"SUCCESS","message":"Lead submitted successfully"}
HTTP_STATUS:200
[2026-02-03 00:15:29] REQ_ID=17161-RL3 USER=user1@demo.com LEAD_X=RL3 PAYLOAD={
  "name": "Lead Demo 20260203 RL3",
  "email": "lead_demo_20260203_RL3@demo.com",
  "source": "WEBSITE_FORM",
  "finalPage": "/pricing"
}
[2026-02-03 00:15:30] REQ_ID=17161-RL3 RESPONSE={"outcome":"SUCCESS","message":"Lead submitted successfully"}
HTTP_STATUS:200
[2026-02-03 00:15:31] REQ_ID=5560-RL4 USER=user1@demo.com LEAD_X=RL4 PAYLOAD={
  "name": "Lead Demo 20260203 RL4",
  "email": "lead_demo_20260203_RL4@demo.com",
  "source": "WEBSITE_FORM",
  "finalPage": "/pricing"
}
[2026-02-03 00:15:31] REQ_ID=5560-RL4 RESPONSE={"outcome":"SUCCESS","message":"Lead submitted successfully"}
HTTP_STATUS:200
[2026-02-03 00:15:32] REQ_ID=18506-RL5 USER=user1@demo.com LEAD_X=RL5 PAYLOAD={
  "name": "Lead Demo 20260203 RL5",
  "email": "lead_demo_20260203_RL5@demo.com",
  "source": "WEBSITE_FORM",
  "finalPage": "/pricing"
}
[2026-02-03 00:15:32] REQ_ID=18506-RL5 RESPONSE={"outcome":"SUCCESS","message":"Lead submitted successfully"}
HTTP_STATUS:200
[2026-02-03 00:15:33] REQ_ID=6567-RL6 USER=user1@demo.com LEAD_X=RL6 PAYLOAD={
  "name": "Lead Demo 20260203 RL6",
  "email": "lead_demo_20260203_RL6@demo.com",
  "source": "WEBSITE_FORM",
  "finalPage": "/pricing"
}
[2026-02-03 00:15:34] REQ_ID=6567-RL6 RESPONSE={"error":"RATE_LIMIT_EXCEEDED","message":"Too many requests. Please try again later."}
HTTP_STATUS:429
[2026-02-03 00:15:35] REQ_ID=14458-RL7 USER=user1@demo.com LEAD_X=RL7 PAYLOAD={
  "name": "Lead Demo 20260203 RL7",
  "email": "lead_demo_20260203_RL7@demo.com",
  "source": "WEBSITE_FORM",
  "finalPage": "/pricing"
}
[2026-02-03 00:15:35] REQ_ID=14458-RL7 RESPONSE={"error":"RATE_LIMIT_EXCEEDED","message":"Too many requests. Please try again later."}
HTTP_STATUS:429
[2026-02-03 00:15:36] REQ_ID=25048-RL8 USER=user1@demo.com LEAD_X=RL8 PAYLOAD={
  "name": "Lead Demo 20260203 RL8",
  "email": "lead_demo_20260203_RL8@demo.com",
  "source": "WEBSITE_FORM",
  "finalPage": "/pricing"
}
[2026-02-03 00:15:36] REQ_ID=25048-RL8 RESPONSE={"error":"RATE_LIMIT_EXCEEDED","message":"Too many requests. Please try again later."}
HTTP_STATUS:429
[2026-02-03 00:15:37] REQ_ID=19538-RL9 USER=user1@demo.com LEAD_X=RL9 PAYLOAD={
  "name": "Lead Demo 20260203 RL9",
  "email": "lead_demo_20260203_RL9@demo.com",
  "source": "WEBSITE_FORM",
  "finalPage": "/pricing"
}
[2026-02-03 00:15:37] REQ_ID=19538-RL9 RESPONSE={"outcome":"SUCCESS","message":"Lead submitted successfully"}
HTTP_STATUS:200
[2026-02-03 00:15:38] REQ_ID=13850-RL10 USER=user1@demo.com LEAD_X=RL10 PAYLOAD={
  "name": "Lead Demo 20260203 RL10",
  "email": "lead_demo_20260203_RL10@demo.com",
  "source": "WEBSITE_FORM",
  "finalPage": "/pricing"
}
[2026-02-03 00:15:39] REQ_ID=13850-RL10 RESPONSE={"outcome":"SUCCESS","message":"Lead submitted successfully"}
HTTP_STATUS:200
[2026-02-03 00:15:40] REQ_ID=32490-RL11 USER=user1@demo.com LEAD_X=RL11 PAYLOAD={
  "name": "Lead Demo 20260203 RL11",
  "email": "lead_demo_20260203_RL11@demo.com",
  "source": "WEBSITE_FORM",
  "finalPage": "/pricing"
}
[2026-02-03 00:15:40] REQ_ID=32490-RL11 RESPONSE={"outcome":"SUCCESS","message":"Lead submitted successfully"}
HTTP_STATUS:200
[2026-02-03 00:15:41] REQ_ID=27804-RL12 USER=user1@demo.com LEAD_X=RL12 PAYLOAD={
  "name": "Lead Demo 20260203 RL12",
  "email": "lead_demo_20260203_RL12@demo.com",
  "source": "WEBSITE_FORM",
  "finalPage": "/pricing"
}
[2026-02-03 00:15:41] REQ_ID=27804-RL12 RESPONSE={"outcome":"SUCCESS","message":"Lead submitted successfully"}
HTTP_STATUS:200
[2026-02-03 00:15:42] END RATE LIMIT BLAST for user1@demo.com
[2026-02-03 00:15:42] ================= LEAD LAB RUN END ===================
