[[1;34mINFO[m] Scanning for projects...
[[1;34mINFO[m] 
[[1;34mINFO[m] [1m--< [0;36mcom.leadsubmission.observability:lead-submission-observability-lab[0;1m >--[m
[[1;34mINFO[m] [1mBuilding Lead Submission Observability Lab 0.0.1-SNAPSHOT[m
[[1;34mINFO[m] [1m--------------------------------[ jar ]---------------------------------[m
[[1;34mINFO[m] 
[[1;34mINFO[m] [1m>>> [0;32mspring-boot-maven-plugin:3.2.1:run[m [1m(default-cli)[0;1m > [0;1mtest-compile[m @ [36mlead-submission-observability-lab[0;1m >>>[m
[[1;34mINFO[m] 
[[1;34mINFO[m] [1m--- [0;32mmaven-resources-plugin:3.3.1:resources[m [1m(default-resources)[m @ [36mlead-submission-observability-lab[0;1m ---[m
[[1;34mINFO[m] Copying 2 resources from src/main/resources to target/classes
[[1;34mINFO[m] Copying 11 resources from src/main/resources to target/classes
[[1;34mINFO[m] 
[[1;34mINFO[m] [1m--- [0;32mmaven-compiler-plugin:3.11.0:compile[m [1m(default-compile)[m @ [36mlead-submission-observability-lab[0;1m ---[m
[[1;34mINFO[m] Nothing to compile - all classes are up to date
[[1;34mINFO[m] 
[[1;34mINFO[m] [1m--- [0;32mmaven-resources-plugin:3.3.1:testResources[m [1m(default-testResources)[m @ [36mlead-submission-observability-lab[0;1m ---[m
[[1;34mINFO[m] skip non existing resourceDirectory /web2/Lead-Submission-Observability-Lab/src/test/resources
[[1;34mINFO[m] 
[[1;34mINFO[m] [1m--- [0;32mmaven-compiler-plugin:3.11.0:testCompile[m [1m(default-testCompile)[m @ [36mlead-submission-observability-lab[0;1m ---[m
[[1;34mINFO[m] No sources to compile
[[1;34mINFO[m] 
[[1;34mINFO[m] [1m<<< [0;32mspring-boot-maven-plugin:3.2.1:run[m [1m(default-cli)[0;1m < [0;1mtest-compile[m @ [36mlead-submission-observability-lab[0;1m <<<[m
[[1;34mINFO[m] 
[[1;34mINFO[m] 
[[1;34mINFO[m] [1m--- [0;32mspring-boot-maven-plugin:3.2.1:run[m [1m(default-cli)[m @ [36mlead-submission-observability-lab[0;1m ---[m
[[1;34mINFO[m] Attaching agents: []

  .   ____          _            __ _ _
 /\\ / ___'_ __ _ _(_)_ __  __ _ \ \ \ \
( ( )\___ | '_ | '_| | '_ \/ _` | \ \ \ \
 \\/  ___)| |_)| | | | | || (_| |  ) ) ) )
  '  |____| .__|_| |_|_| |_\__, | / / / /
 =========|_|==============|___/=/_/_/_/
 :: Spring Boot ::                (v3.2.1)

2026-01-27T19:10:24.430+05:30  INFO 1831 --- [lead-submission-lab] [           main] eadSubmissionObservabilityLabApplication : Starting LeadSubmissionObservabilityLabApplication using Java 17.0.18 with PID 1831 (/web2/Lead-Submission-Observability-Lab/target/classes started by harsh in /web2/Lead-Submission-Observability-Lab)
2026-01-27T19:10:24.436+05:30  INFO 1831 --- [lead-submission-lab] [           main] eadSubmissionObservabilityLabApplication : The following 1 profile is active: "local"
2026-01-27T19:10:25.959+05:30  INFO 1831 --- [lead-submission-lab] [           main] .s.d.r.c.RepositoryConfigurationDelegate : Bootstrapping Spring Data JPA repositories in DEFAULT mode.
2026-01-27T19:10:26.101+05:30  INFO 1831 --- [lead-submission-lab] [           main] .s.d.r.c.RepositoryConfigurationDelegate : Finished Spring Data repository scanning in 128 ms. Found 5 JPA repository interfaces.
2026-01-27T19:10:27.112+05:30  INFO 1831 --- [lead-submission-lab] [           main] o.s.b.w.embedded.tomcat.TomcatWebServer  : Tomcat initialized with port 8110 (http)
2026-01-27T19:10:27.134+05:30  INFO 1831 --- [lead-submission-lab] [           main] o.apache.catalina.core.StandardService   : Starting service [Tomcat]
2026-01-27T19:10:27.134+05:30  INFO 1831 --- [lead-submission-lab] [           main] o.apache.catalina.core.StandardEngine    : Starting Servlet engine: [Apache Tomcat/10.1.17]
2026-01-27T19:10:27.233+05:30  INFO 1831 --- [lead-submission-lab] [           main] o.a.c.c.C.[Tomcat].[localhost].[/]       : Initializing Spring embedded WebApplicationContext
2026-01-27T19:10:27.235+05:30  INFO 1831 --- [lead-submission-lab] [           main] w.s.c.ServletWebServerApplicationContext : Root WebApplicationContext: initialization completed in 2671 ms
2026-01-27T19:10:27.531+05:30  INFO 1831 --- [lead-submission-lab] [           main] o.hibernate.jpa.internal.util.LogHelper  : HHH000204: Processing PersistenceUnitInfo [name: default]
2026-01-27T19:10:27.617+05:30  INFO 1831 --- [lead-submission-lab] [           main] org.hibernate.Version                    : HHH000412: Hibernate ORM core version 6.4.1.Final
2026-01-27T19:10:27.671+05:30  INFO 1831 --- [lead-submission-lab] [           main] o.h.c.internal.RegionFactoryInitiator    : HHH000026: Second-level cache disabled
2026-01-27T19:10:28.046+05:30  INFO 1831 --- [lead-submission-lab] [           main] o.s.o.j.p.SpringPersistenceUnitInfo      : No LoadTimeWeaver setup: ignoring JPA class transformer
2026-01-27T19:10:28.090+05:30  INFO 1831 --- [lead-submission-lab] [           main] com.zaxxer.hikari.HikariDataSource       : HikariPool-1 - Starting...
2026-01-27T19:10:28.699+05:30  INFO 1831 --- [lead-submission-lab] [           main] com.zaxxer.hikari.pool.HikariPool        : HikariPool-1 - Added connection com.mysql.cj.jdbc.ConnectionImpl@4eeb14e0
2026-01-27T19:10:28.702+05:30  INFO 1831 --- [lead-submission-lab] [           main] com.zaxxer.hikari.HikariDataSource       : HikariPool-1 - Start completed.
2026-01-27T19:10:28.796+05:30  WARN 1831 --- [lead-submission-lab] [           main] org.hibernate.orm.deprecation            : HHH90000025: MySQL8Dialect does not need to be specified explicitly using 'hibernate.dialect' (remove the property setting and it will be selected by default)
2026-01-27T19:10:28.797+05:30  WARN 1831 --- [lead-submission-lab] [           main] org.hibernate.orm.deprecation            : HHH90000026: MySQL8Dialect has been deprecated; use org.hibernate.dialect.MySQLDialect instead
2026-01-27T19:10:30.565+05:30  INFO 1831 --- [lead-submission-lab] [           main] o.h.e.t.j.p.i.JtaPlatformInitiator       : HHH000489: No JTA platform available (set 'hibernate.transaction.jta.platform' to enable JTA platform integration)
2026-01-27T19:10:30.571+05:30  INFO 1831 --- [lead-submission-lab] [           main] j.LocalContainerEntityManagerFactoryBean : Initialized JPA EntityManagerFactory for persistence unit 'default'
2026-01-27T19:10:31.101+05:30  INFO 1831 --- [lead-submission-lab] [           main] o.s.d.j.r.query.QueryEnhancerFactory     : Hibernate is in classpath; If applicable, HQL parser will be used.
2026-01-27T19:10:33.091+05:30  WARN 1831 --- [lead-submission-lab] [           main] JpaBaseConfiguration$JpaWebConfiguration : spring.jpa.open-in-view is enabled by default. Therefore, database queries may be performed during view rendering. Explicitly configure spring.jpa.open-in-view to disable this warning
2026-01-27T19:10:33.136+05:30  INFO 1831 --- [lead-submission-lab] [           main] o.s.b.a.w.s.WelcomePageHandlerMapping    : Adding welcome page: class path resource [static/index.html]
2026-01-27T19:10:33.803+05:30  WARN 1831 --- [lead-submission-lab] [           main] ConfigServletWebServerApplicationContext : Exception encountered during context initialization - cancelling refresh attempt: org.springframework.context.ApplicationContextException: Failed to start bean 'webServerStartStop'
2026-01-27T19:10:33.807+05:30  INFO 1831 --- [lead-submission-lab] [           main] j.LocalContainerEntityManagerFactoryBean : Closing JPA EntityManagerFactory for persistence unit 'default'
2026-01-27T19:10:33.811+05:30  INFO 1831 --- [lead-submission-lab] [           main] com.zaxxer.hikari.HikariDataSource       : HikariPool-1 - Shutdown initiated...
2026-01-27T19:10:33.852+05:30  INFO 1831 --- [lead-submission-lab] [           main] com.zaxxer.hikari.HikariDataSource       : HikariPool-1 - Shutdown completed.
2026-01-27T19:10:33.948+05:30  INFO 1831 --- [lead-submission-lab] [           main] .s.b.a.l.ConditionEvaluationReportLogger : 

Error starting ApplicationContext. To display the condition evaluation report re-run your application with 'debug' enabled.
2026-01-27T19:10:34.010+05:30 ERROR 1831 --- [lead-submission-lab] [           main] o.s.b.d.LoggingFailureAnalysisReporter   : 

***************************
APPLICATION FAILED TO START
***************************

Description:

Web server failed to start. Port 8110 was already in use.

Action:

Identify and stop the process that's listening on port 8110 or configure this application to listen on another port.

[[1;34mINFO[m] [1m------------------------------------------------------------------------[m
[[1;34mINFO[m] [1;31mBUILD FAILURE[m
[[1;34mINFO[m] [1m------------------------------------------------------------------------[m
[[1;34mINFO[m] Total time:  15.019 s
[[1;34mINFO[m] Finished at: 2026-01-27T19:10:34+05:30
[[1;34mINFO[m] [1m------------------------------------------------------------------------[m
[[1;31mERROR[m] Failed to execute goal [32morg.springframework.boot:spring-boot-maven-plugin:3.2.1:run[m [1m(default-cli)[m on project [36mlead-submission-observability-lab[m: [1;31mProcess terminated with exit code: 1[m -> [1m[Help 1][m
[[1;31mERROR[m] 
[[1;31mERROR[m] To see the full stack trace of the errors, re-run Maven with the [1m-e[m switch.
[[1;31mERROR[m] Re-run Maven using the [1m-X[m switch to enable full debug logging.
[[1;31mERROR[m] 
[[1;31mERROR[m] For more information about the errors and possible solutions, please read the following articles:
[[1;31mERROR[m] [1m[Help 1][m http://cwiki.apache.org/confluence/display/MAVEN/MojoExecutionException
[0m[0m